2010-11-04 01:06:42,424 [4] NHibernate.Cfg.Configuration.AddAssembly(:0) - No mapped documents found in assembly: FashionAde.Data, Version=0.9.1.0, Culture=neutral, PublicKeyToken=null

2010-11-04 01:06:57,299 [7] FashionAde.Web.MvcApplication.Application_Error(C:\Projects\FashionAde\app\FashionAde.Web\Global.asax.cs:114) - System.Web.HttpException: El archivo no existe.
   en System.Web.StaticFileHandler.GetFileInfo(String virtualPathWithPathInfo, String physicalPath, HttpResponse response)
   en System.Web.StaticFileHandler.ProcessRequestInternal(HttpContext context)
   en System.Web.DefaultHttpHandler.BeginProcessRequest(HttpContext context, AsyncCallback callback, Object state)
   en System.Web.HttpApplication.CallHandlerExecutionStep.System.Web.HttpApplication.IExecutionStep.Execute()
   en System.Web.HttpApplication.ExecuteStep(IExecutionStep step, Boolean& completedSynchronously)

2010-11-04 01:08:00,407 [4] FashionAde.Web.MvcApplication.Application_Error(C:\Projects\FashionAde\app\FashionAde.Web\Global.asax.cs:114) - System.Web.HttpException: El archivo no existe.
   en System.Web.StaticFileHandler.GetFileInfo(String virtualPathWithPathInfo, String physicalPath, HttpResponse response)
   en System.Web.StaticFileHandler.ProcessRequestInternal(HttpContext context)
   en System.Web.DefaultHttpHandler.BeginProcessRequest(HttpContext context, AsyncCallback callback, Object state)
   en System.Web.HttpApplication.CallHandlerExecutionStep.System.Web.HttpApplication.IExecutionStep.Execute()
   en System.Web.HttpApplication.ExecuteStep(IExecutionStep step, Boolean& completedSynchronously)

2010-11-04 01:08:07,830 [4] FashionAde.Web.MvcApplication.Application_Error(C:\Projects\FashionAde\app\FashionAde.Web\Global.asax.cs:114) - System.Web.HttpException: El archivo no existe.
   en System.Web.StaticFileHandler.GetFileInfo(String virtualPathWithPathInfo, String physicalPath, HttpResponse response)
   en System.Web.StaticFileHandler.ProcessRequestInternal(HttpContext context)
   en System.Web.DefaultHttpHandler.BeginProcessRequest(HttpContext context, AsyncCallback callback, Object state)
   en System.Web.HttpApplication.CallHandlerExecutionStep.System.Web.HttpApplication.IExecutionStep.Execute()
   en System.Web.HttpApplication.ExecuteStep(IExecutionStep step, Boolean& completedSynchronously)

2010-11-04 01:08:20,425 [4] FashionAde.Web.MvcApplication.Application_Error(C:\Projects\FashionAde\app\FashionAde.Web\Global.asax.cs:114) - System.Web.HttpException: El archivo no existe.
   en System.Web.StaticFileHandler.GetFileInfo(String virtualPathWithPathInfo, String physicalPath, HttpResponse response)
   en System.Web.StaticFileHandler.ProcessRequestInternal(HttpContext context)
   en System.Web.DefaultHttpHandler.BeginProcessRequest(HttpContext context, AsyncCallback callback, Object state)
   en System.Web.HttpApplication.CallHandlerExecutionStep.System.Web.HttpApplication.IExecutionStep.Execute()
   en System.Web.HttpApplication.ExecuteStep(IExecutionStep step, Boolean& completedSynchronously)

2010-11-04 01:08:20,678 [4] FashionAde.Web.MvcApplication.Application_Error(C:\Projects\FashionAde\app\FashionAde.Web\Global.asax.cs:114) - System.Web.HttpException: El archivo no existe.
   en System.Web.StaticFileHandler.GetFileInfo(String virtualPathWithPathInfo, String physicalPath, HttpResponse response)
   en System.Web.StaticFileHandler.ProcessRequestInternal(HttpContext context)
   en System.Web.DefaultHttpHandler.BeginProcessRequest(HttpContext context, AsyncCallback callback, Object state)
   en System.Web.HttpApplication.CallHandlerExecutionStep.System.Web.HttpApplication.IExecutionStep.Execute()
   en System.Web.HttpApplication.ExecuteStep(IExecutionStep step, Boolean& completedSynchronously)

2010-11-04 01:08:21,439 [4] FashionAde.Web.MvcApplication.Application_Error(C:\Projects\FashionAde\app\FashionAde.Web\Global.asax.cs:114) - System.Web.HttpException: El archivo no existe.
   en System.Web.StaticFileHandler.GetFileInfo(String virtualPathWithPathInfo, String physicalPath, HttpResponse response)
   en System.Web.StaticFileHandler.ProcessRequestInternal(HttpContext context)
   en System.Web.DefaultHttpHandler.BeginProcessRequest(HttpContext context, AsyncCallback callback, Object state)
   en System.Web.HttpApplication.CallHandlerExecutionStep.System.Web.HttpApplication.IExecutionStep.Execute()
   en System.Web.HttpApplication.ExecuteStep(IExecutionStep step, Boolean& completedSynchronously)

2010-11-04 01:09:39,428 [7] FashionAde.Web.MvcApplication.Application_Error(C:\Projects\FashionAde\app\FashionAde.Web\Global.asax.cs:114) - System.Web.HttpException: El archivo no existe.
   en System.Web.StaticFileHandler.GetFileInfo(String virtualPathWithPathInfo, String physicalPath, HttpResponse response)
   en System.Web.StaticFileHandler.ProcessRequestInternal(HttpContext context)
   en System.Web.DefaultHttpHandler.BeginProcessRequest(HttpContext context, AsyncCallback callback, Object state)
   en System.Web.HttpApplication.CallHandlerExecutionStep.System.Web.HttpApplication.IExecutionStep.Execute()
   en System.Web.HttpApplication.ExecuteStep(IExecutionStep step, Boolean& completedSynchronously)

2010-11-04 01:09:43,421 [4] FashionAde.Web.MvcApplication.Application_Error(C:\Projects\FashionAde\app\FashionAde.Web\Global.asax.cs:114) - System.Web.HttpException: El archivo no existe.
   en System.Web.StaticFileHandler.GetFileInfo(String virtualPathWithPathInfo, String physicalPath, HttpResponse response)
   en System.Web.StaticFileHandler.ProcessRequestInternal(HttpContext context)
   en System.Web.DefaultHttpHandler.BeginProcessRequest(HttpContext context, AsyncCallback callback, Object state)
   en System.Web.HttpApplication.CallHandlerExecutionStep.System.Web.HttpApplication.IExecutionStep.Execute()
   en System.Web.HttpApplication.ExecuteStep(IExecutionStep step, Boolean& completedSynchronously)

2010-11-04 01:10:09,170 [7] FashionAde.Web.MvcApplication.Application_Error(C:\Projects\FashionAde\app\FashionAde.Web\Global.asax.cs:114) - System.Web.HttpException: El archivo no existe.
   en System.Web.StaticFileHandler.GetFileInfo(String virtualPathWithPathInfo, String physicalPath, HttpResponse response)
   en System.Web.StaticFileHandler.ProcessRequestInternal(HttpContext context)
   en System.Web.DefaultHttpHandler.BeginProcessRequest(HttpContext context, AsyncCallback callback, Object state)
   en System.Web.HttpApplication.CallHandlerExecutionStep.System.Web.HttpApplication.IExecutionStep.Execute()
   en System.Web.HttpApplication.ExecuteStep(IExecutionStep step, Boolean& completedSynchronously)

2010-11-04 01:10:09,431 [7] FashionAde.Web.MvcApplication.Application_Error(C:\Projects\FashionAde\app\FashionAde.Web\Global.asax.cs:114) - System.Web.HttpException: El archivo no existe.
   en System.Web.StaticFileHandler.GetFileInfo(String virtualPathWithPathInfo, String physicalPath, HttpResponse response)
   en System.Web.StaticFileHandler.ProcessRequestInternal(HttpContext context)
   en System.Web.DefaultHttpHandler.BeginProcessRequest(HttpContext context, AsyncCallback callback, Object state)
   en System.Web.HttpApplication.CallHandlerExecutionStep.System.Web.HttpApplication.IExecutionStep.Execute()
   en System.Web.HttpApplication.ExecuteStep(IExecutionStep step, Boolean& completedSynchronously)

2010-11-04 01:10:10,181 [7] FashionAde.Web.MvcApplication.Application_Error(C:\Projects\FashionAde\app\FashionAde.Web\Global.asax.cs:114) - System.Web.HttpException: El archivo no existe.
   en System.Web.StaticFileHandler.GetFileInfo(String virtualPathWithPathInfo, String physicalPath, HttpResponse response)
   en System.Web.StaticFileHandler.ProcessRequestInternal(HttpContext context)
   en System.Web.DefaultHttpHandler.BeginProcessRequest(HttpContext context, AsyncCallback callback, Object state)
   en System.Web.HttpApplication.CallHandlerExecutionStep.System.Web.HttpApplication.IExecutionStep.Execute()
   en System.Web.HttpApplication.ExecuteStep(IExecutionStep step, Boolean& completedSynchronously)

2010-11-04 01:10:21,555 [11] FashionAde.Web.MvcApplication.Application_Error(C:\Projects\FashionAde\app\FashionAde.Web\Global.asax.cs:114) - System.Web.HttpException: El archivo no existe.
   en System.Web.StaticFileHandler.GetFileInfo(String virtualPathWithPathInfo, String physicalPath, HttpResponse response)
   en System.Web.StaticFileHandler.ProcessRequestInternal(HttpContext context)
   en System.Web.DefaultHttpHandler.BeginProcessRequest(HttpContext context, AsyncCallback callback, Object state)
   en System.Web.HttpApplication.CallHandlerExecutionStep.System.Web.HttpApplication.IExecutionStep.Execute()
   en System.Web.HttpApplication.ExecuteStep(IExecutionStep step, Boolean& completedSynchronously)

2010-11-04 01:13:42,333 [7] FashionAde.Web.MvcApplication.Application_Error(C:\Projects\FashionAde\app\FashionAde.Web\Global.asax.cs:114) - System.Web.HttpException: El archivo no existe.
   en System.Web.StaticFileHandler.GetFileInfo(String virtualPathWithPathInfo, String physicalPath, HttpResponse response)
   en System.Web.StaticFileHandler.ProcessRequestInternal(HttpContext context)
   en System.Web.DefaultHttpHandler.BeginProcessRequest(HttpContext context, AsyncCallback callback, Object state)
   en System.Web.HttpApplication.CallHandlerExecutionStep.System.Web.HttpApplication.IExecutionStep.Execute()
   en System.Web.HttpApplication.ExecuteStep(IExecutionStep step, Boolean& completedSynchronously)

